<?xml version="1.0" encoding="UTF-8"?>
<!-- Generated by org.testng.reporters.JUnitReportReporter -->
<testsuite hostname="php7" failures="0" tests="27" name="com.crm.qa.tests.LoginTests" time="10.374" errors="0" timestamp="27 Mar 2021 09:26:05 GMT">
  <testcase classname="com.crm.qa.tests.LoginTests" name="Email_Title" time="0.050"/>
  <testcase classname="com.crm.qa.tests.LoginTests" name="InvalideloginTest1" time="1.131"/>
  <testcase classname="com.crm.qa.tests.LoginTests" name="validateHeaderImg" time="0.055"/>
  <testcase classname="com.crm.qa.tests.LoginTests" name="Signup" time="3.621"/>
  <testcase classname="com.crm.qa.tests.LoginTests" name="HotelImage2" time="0.054"/>
  <testcase classname="com.crm.qa.tests.LoginTests" name="Build2_Title" time="0.027"/>
  <testcase classname="com.crm.qa.tests.LoginTests" name="Username_Title" time="0.036"/>
  <testcase classname="com.crm.qa.tests.LoginTests" name="build_title" time="0.045"/>
  <testcase classname="com.crm.qa.tests.LoginTests" name="validateLOgo1" time="0.045"/>
  <testcase classname="com.crm.qa.tests.LoginTests" name="HotelImage4" time="0.059"/>
  <testcase classname="com.crm.qa.tests.LoginTests" name="Build1_Title" time="0.041"/>
  <testcase classname="com.crm.qa.tests.LoginTests" name="validateImage" time="0.060"/>
  <testcase classname="com.crm.qa.tests.LoginTests" name="forgotten_Title" time="0.045"/>
  <testcase classname="com.crm.qa.tests.LoginTests" name="Build1URL_Title" time="0.409"/>
  <testcase classname="com.crm.qa.tests.LoginTests" name="Password_Title" time="0.037"/>
  <testcase classname="com.crm.qa.tests.LoginTests" name="loginPageTitleTest" time="0.007"/>
  <testcase classname="com.crm.qa.tests.LoginTests" name="footer_Title" time="0.040"/>
  <testcase classname="com.crm.qa.tests.LoginTests" name="resetPassword" time="1.575"/>
  <testcase classname="com.crm.qa.tests.LoginTests" name="loginTitle" time="0.034"/>
  <testcase classname="com.crm.qa.tests.LoginTests" name="Email_URL" time="0.064"/>
  <testcase classname="com.crm.qa.tests.LoginTests" name="ValideloginTest" time="1.630"/>
  <testcase classname="com.crm.qa.tests.LoginTests" name="welcome_Title" time="0.042"/>
  <testcase classname="com.crm.qa.tests.LoginTests" name="HotelImage3" time="0.102"/>
  <testcase classname="com.crm.qa.tests.LoginTests" name="forgotPass" time="0.989"/>
  <testcase classname="com.crm.qa.tests.LoginTests" name="hotel_URL" time="0.036"/>
  <testcase classname="com.crm.qa.tests.LoginTests" name="HotelImage1" time="0.094"/>
  <testcase classname="com.crm.qa.tests.LoginTests" name="Signup_Title" time="0.046"/>
</testsuite> <!-- com.crm.qa.tests.LoginTests -->
